<?xml version="1.0" encoding="UTF-8"?>
<!-- Generated by org.testng.reporters.JUnitXMLReporter -->
<testsuite hostname="IMRAN-PC" ignored="0" name="SeleniumOnlineProject2Test" tests="4" failures="0" timestamp="2020-10-18T19:47:29 BDT" time="20.683" errors="0">
  <testcase name="CheckLoginPageTitle" time="8.323" classname="com.bitm.SeleniumOnlineProject2.Test.LoginTest"/>
  <testcase name="Logintest" time="5.584" classname="com.bitm.SeleniumOnlineProject2.Test.LoginTest"/>
  <testcase name="AssignLeavePage" time="1.329" classname="com.bitm.SeleniumOnlineProject2.Test.AssignLeaveTest"/>
  <testcase name="assignleavetest" time="3.962" classname="com.bitm.SeleniumOnlineProject2.Test.AssignLeaveTest"/>
</testsuite> <!-- SeleniumOnlineProject2Test -->
