<?xml version="1.0" encoding="UTF-8"?>
<!-- Generated by org.testng.reporters.JUnitXMLReporter -->
<testsuite hostname="IMRAN-PC" ignored="0" name="Default test" tests="2" failures="0" timestamp="2020-10-11T21:31:19 BDT" time="31.481" errors="0">
  <testcase name="CheckLoginPageTitle" time="11.344" classname="com.bitm.SeleniumOnlineProject2.Test.LoginTest"/>
  <testcase name="Logintest" time="18.247" classname="com.bitm.SeleniumOnlineProject2.Test.LoginTest"/>
</testsuite> <!-- Default test -->
