<?xml version="1.0" encoding="UTF-8"?>
<testng-results skipped="0" failed="0" ignored="0" total="2" passed="2">
  <reporter-output>
  </reporter-output>
  <suite name="Default suite" duration-ms="12551" started-at="2020-10-04T20:50:30 BDT" finished-at="2020-10-04T20:50:42 BDT">
    <groups>
    </groups>
    <test name="Default test" duration-ms="12551" started-at="2020-10-04T20:50:30 BDT" finished-at="2020-10-04T20:50:42 BDT">
      <class name="com.bitm.SeleniumOnlineProject2.Test.LoginTest">
        <test-method status="PASS" signature="CheckLoginPageTitle()[pri:0, instance:com.bitm.SeleniumOnlineProject2.Test.LoginTest@5a8806ef]" name="CheckLoginPageTitle" duration-ms="9250" started-at="2020-10-04T20:50:30 BDT" finished-at="2020-10-04T20:50:39 BDT">
          <reporter-output>
          </reporter-output>
        </test-method> <!-- CheckLoginPageTitle -->
        <test-method status="PASS" signature="Logintest()[pri:0, instance:com.bitm.SeleniumOnlineProject2.Test.LoginTest@5a8806ef]" name="Logintest" duration-ms="3224" started-at="2020-10-04T20:50:39 BDT" finished-at="2020-10-04T20:50:42 BDT">
          <reporter-output>
          </reporter-output>
        </test-method> <!-- Logintest -->
      </class> <!-- com.bitm.SeleniumOnlineProject2.Test.LoginTest -->
    </test> <!-- Default test -->
  </suite> <!-- Default suite -->
</testng-results>
